{"/Users/joaovitor/Documents/ecommerce-app/eslint.config.js": {"path":"/Users/joaovitor/Documents/ecommerce-app/eslint.config.js","statementMap":{"0":{"start":{"line":2,"column":25},"end":{"line":2,"column":49}},"1":{"start":{"line":3,"column":19},"end":{"line":3,"column":53}},"2":{"start":{"line":5,"column":0},"end":{"line":14,"column":3}}},"fnMap":{},"branchMap":{},"s":{"0":0,"1":0,"2":0},"f":{},"b":{}}
,"/Users/joaovitor/Documents/ecommerce-app/index.js": {"path":"/Users/joaovitor/Documents/ecommerce-app/index.js","statementMap":{"0":{"start":{"line":8,"column":0},"end":{"line":8,"column":27}}},"fnMap":{},"branchMap":{},"s":{"0":0},"f":{},"b":{}}
,"/Users/joaovitor/Documents/ecommerce-app/jest.config.ts": {"path":"/Users/joaovitor/Documents/ecommerce-app/jest.config.ts","statementMap":{"0":{"start":{"line":7,"column":23},"end":{"line":28,"column":1}}},"fnMap":{},"branchMap":{},"s":{"0":0},"f":{},"b":{}}
,"/Users/joaovitor/Documents/ecommerce-app/src/app/App.tsx": {"path":"/Users/joaovitor/Documents/ecommerce-app/src/app/App.tsx","statementMap":{"0":{"start":{"line":7,"column":2},"end":{"line":15,"column":4}},"1":{"start":{"line":18,"column":15},"end":{"line":22,"column":2}}},"fnMap":{"0":{"name":"App","decl":{"start":{"line":6,"column":24},"end":{"line":6,"column":27}},"loc":{"start":{"line":6,"column":30},"end":{"line":16,"column":1}},"line":6}},"branchMap":{},"s":{"0":0,"1":0},"f":{"0":0},"b":{}}
,"/Users/joaovitor/Documents/ecommerce-app/src/app/router.tsx": {"path":"/Users/joaovitor/Documents/ecommerce-app/src/app/router.tsx","statementMap":{"0":{"start":{"line":11,"column":18},"end":{"line":24,"column":2}},"1":{"start":{"line":22,"column":23},"end":{"line":22,"column":37}},"2":{"start":{"line":34,"column":15},"end":{"line":34,"column":48}}},"fnMap":{"0":{"name":"(anonymous_0)","decl":{"start":{"line":22,"column":17},"end":{"line":22,"column":18}},"loc":{"start":{"line":22,"column":23},"end":{"line":22,"column":37}},"line":22}},"branchMap":{},"s":{"0":0,"1":0,"2":0},"f":{"0":0},"b":{}}
,"/Users/joaovitor/Documents/ecommerce-app/src/app/pages/cart.tsx": {"path":"/Users/joaovitor/Documents/ecommerce-app/src/app/pages/cart.tsx","statementMap":{"0":{"start":{"line":4,"column":26},"end":{"line":10,"column":1}},"1":{"start":{"line":5,"column":2},"end":{"line":9,"column":4}}},"fnMap":{"0":{"name":"(anonymous_0)","decl":{"start":{"line":4,"column":26},"end":{"line":4,"column":27}},"loc":{"start":{"line":4,"column":32},"end":{"line":10,"column":1}},"line":4}},"branchMap":{},"s":{"0":0,"1":0},"f":{"0":0},"b":{}}
,"/Users/joaovitor/Documents/ecommerce-app/src/app/pages/home.tsx": {"path":"/Users/joaovitor/Documents/ecommerce-app/src/app/pages/home.tsx","statementMap":{"0":{"start":{"line":9,"column":26},"end":{"line":26,"column":1}},"1":{"start":{"line":10,"column":21},"end":{"line":10,"column":52}},"2":{"start":{"line":11,"column":24},"end":{"line":11,"column":33}},"3":{"start":{"line":13,"column":2},"end":{"line":19,"column":19}},"4":{"start":{"line":14,"column":4},"end":{"line":18,"column":7}},"5":{"start":{"line":16,"column":8},"end":{"line":16,"column":64}},"6":{"start":{"line":16,"column":33},"end":{"line":16,"column":60}},"7":{"start":{"line":21,"column":2},"end":{"line":25,"column":4}}},"fnMap":{"0":{"name":"(anonymous_0)","decl":{"start":{"line":9,"column":26},"end":{"line":9,"column":27}},"loc":{"start":{"line":9,"column":32},"end":{"line":26,"column":1}},"line":9},"1":{"name":"(anonymous_1)","decl":{"start":{"line":13,"column":18},"end":{"line":13,"column":19}},"loc":{"start":{"line":13,"column":24},"end":{"line":19,"column":3}},"line":13},"2":{"name":"(anonymous_2)","decl":{"start":{"line":15,"column":19},"end":{"line":15,"column":20}},"loc":{"start":{"line":16,"column":8},"end":{"line":16,"column":64}},"line":16},"3":{"name":"(anonymous_3)","decl":{"start":{"line":16,"column":27},"end":{"line":16,"column":28}},"loc":{"start":{"line":16,"column":33},"end":{"line":16,"column":60}},"line":16}},"branchMap":{},"s":{"0":0,"1":0,"2":0,"3":0,"4":0,"5":0,"6":0,"7":0},"f":{"0":0,"1":0,"2":0,"3":0},"b":{}}
,"/Users/joaovitor/Documents/ecommerce-app/src/app/pages/product-details.tsx": {"path":"/Users/joaovitor/Documents/ecommerce-app/src/app/pages/product-details.tsx","statementMap":{"0":{"start":{"line":8,"column":35},"end":{"line":24,"column":1}},"1":{"start":{"line":9,"column":21},"end":{"line":9,"column":52}},"2":{"start":{"line":11,"column":2},"end":{"line":17,"column":19}},"3":{"start":{"line":12,"column":4},"end":{"line":16,"column":7}},"4":{"start":{"line":14,"column":8},"end":{"line":14,"column":64}},"5":{"start":{"line":14,"column":33},"end":{"line":14,"column":60}},"6":{"start":{"line":19,"column":2},"end":{"line":23,"column":4}}},"fnMap":{"0":{"name":"(anonymous_0)","decl":{"start":{"line":8,"column":35},"end":{"line":8,"column":36}},"loc":{"start":{"line":8,"column":41},"end":{"line":24,"column":1}},"line":8},"1":{"name":"(anonymous_1)","decl":{"start":{"line":11,"column":18},"end":{"line":11,"column":19}},"loc":{"start":{"line":11,"column":24},"end":{"line":17,"column":3}},"line":11},"2":{"name":"(anonymous_2)","decl":{"start":{"line":13,"column":19},"end":{"line":13,"column":20}},"loc":{"start":{"line":14,"column":8},"end":{"line":14,"column":64}},"line":14},"3":{"name":"(anonymous_3)","decl":{"start":{"line":14,"column":27},"end":{"line":14,"column":28}},"loc":{"start":{"line":14,"column":33},"end":{"line":14,"column":60}},"line":14}},"branchMap":{},"s":{"0":0,"1":0,"2":0,"3":0,"4":0,"5":0,"6":0},"f":{"0":0,"1":0,"2":0,"3":0},"b":{}}
,"/Users/joaovitor/Documents/ecommerce-app/src/components/errors/main.tsx": {"path":"/Users/joaovitor/Documents/ecommerce-app/src/components/errors/main.tsx","statementMap":{"0":{"start":{"line":4,"column":25},"end":{"line":14,"column":1}},"1":{"start":{"line":5,"column":2},"end":{"line":13,"column":4}},"2":{"start":{"line":16,"column":15},"end":{"line":38,"column":2}}},"fnMap":{"0":{"name":"(anonymous_0)","decl":{"start":{"line":4,"column":25},"end":{"line":4,"column":26}},"loc":{"start":{"line":4,"column":31},"end":{"line":14,"column":1}},"line":4}},"branchMap":{},"s":{"0":0,"1":0,"2":0},"f":{"0":0},"b":{}}
,"/Users/joaovitor/Documents/ecommerce-app/src/components/ui/button.tsx": {"path":"/Users/joaovitor/Documents/ecommerce-app/src/components/ui/button.tsx","statementMap":{"0":{"start":{"line":12,"column":22},"end":{"line":22,"column":1}},"1":{"start":{"line":13,"column":2},"end":{"line":21,"column":4}},"2":{"start":{"line":24,"column":15},"end":{"line":38,"column":2}}},"fnMap":{"0":{"name":"(anonymous_0)","decl":{"start":{"line":12,"column":22},"end":{"line":12,"column":23}},"loc":{"start":{"line":12,"column":58},"end":{"line":22,"column":1}},"line":12}},"branchMap":{},"s":{"0":1,"1":2,"2":1},"f":{"0":2},"b":{},"_coverageSchema":"1a1c01bbd47fc00a2c39e90264f33305004495a9","hash":"c881eff2a201b6609ecba756fa2e761c3ef01533"}
,"/Users/joaovitor/Documents/ecommerce-app/src/components/ui/cart-icon.tsx": {"path":"/Users/joaovitor/Documents/ecommerce-app/src/components/ui/cart-icon.tsx","statementMap":{"0":{"start":{"line":9,"column":24},"end":{"line":26,"column":1}},"1":{"start":{"line":10,"column":19},"end":{"line":10,"column":28}},"2":{"start":{"line":12,"column":2},"end":{"line":25,"column":4}},"3":{"start":{"line":28,"column":15},"end":{"line":55,"column":2}}},"fnMap":{"0":{"name":"(anonymous_0)","decl":{"start":{"line":9,"column":24},"end":{"line":9,"column":25}},"loc":{"start":{"line":9,"column":56},"end":{"line":26,"column":1}},"line":9}},"branchMap":{"0":{"loc":{"start":{"line":16,"column":9},"end":{"line":22,"column":9}},"type":"binary-expr","locations":[{"start":{"line":16,"column":9},"end":{"line":16,"column":28}},{"start":{"line":17,"column":10},"end":{"line":21,"column":17}}],"line":16},"1":{"loc":{"start":{"line":19,"column":15},"end":{"line":19,"column":61}},"type":"cond-expr","locations":[{"start":{"line":19,"column":38},"end":{"line":19,"column":43}},{"start":{"line":19,"column":46},"end":{"line":19,"column":61}}],"line":19}},"s":{"0":0,"1":0,"2":0,"3":0},"f":{"0":0},"b":{"0":[0,0],"1":[0,0]}}
,"/Users/joaovitor/Documents/ecommerce-app/src/components/ui/header-logo.tsx": {"path":"/Users/joaovitor/Documents/ecommerce-app/src/components/ui/header-logo.tsx","statementMap":{"0":{"start":{"line":3,"column":26},"end":{"line":11,"column":1}},"1":{"start":{"line":4,"column":2},"end":{"line":10,"column":4}},"2":{"start":{"line":13,"column":15},"end":{"line":18,"column":2}}},"fnMap":{"0":{"name":"(anonymous_0)","decl":{"start":{"line":3,"column":26},"end":{"line":3,"column":27}},"loc":{"start":{"line":3,"column":32},"end":{"line":11,"column":1}},"line":3}},"branchMap":{},"s":{"0":0,"1":0,"2":0},"f":{"0":0},"b":{}}
,"/Users/joaovitor/Documents/ecommerce-app/src/components/ui/spinner.tsx": {"path":"/Users/joaovitor/Documents/ecommerce-app/src/components/ui/spinner.tsx","statementMap":{"0":{"start":{"line":3,"column":23},"end":{"line":9,"column":1}},"1":{"start":{"line":4,"column":2},"end":{"line":8,"column":4}}},"fnMap":{"0":{"name":"(anonymous_0)","decl":{"start":{"line":3,"column":23},"end":{"line":3,"column":24}},"loc":{"start":{"line":3,"column":29},"end":{"line":9,"column":1}},"line":3}},"branchMap":{},"s":{"0":0,"1":0},"f":{"0":0},"b":{}}
,"/Users/joaovitor/Documents/ecommerce-app/src/features/cart/components/cart-empty.tsx": {"path":"/Users/joaovitor/Documents/ecommerce-app/src/features/cart/components/cart-empty.tsx","statementMap":{"0":{"start":{"line":4,"column":25},"end":{"line":14,"column":1}},"1":{"start":{"line":5,"column":2},"end":{"line":13,"column":4}},"2":{"start":{"line":16,"column":15},"end":{"line":38,"column":2}}},"fnMap":{"0":{"name":"(anonymous_0)","decl":{"start":{"line":4,"column":25},"end":{"line":4,"column":26}},"loc":{"start":{"line":4,"column":31},"end":{"line":14,"column":1}},"line":4}},"branchMap":{},"s":{"0":0,"1":0,"2":0},"f":{"0":0},"b":{}}
,"/Users/joaovitor/Documents/ecommerce-app/src/features/cart/components/cart-item.tsx": {"path":"/Users/joaovitor/Documents/ecommerce-app/src/features/cart/components/cart-item.tsx","statementMap":{"0":{"start":{"line":11,"column":24},"end":{"line":68,"column":1}},"1":{"start":{"line":16,"column":32},"end":{"line":16,"column":36}},"2":{"start":{"line":18,"column":33},"end":{"line":20,"column":3}},"3":{"start":{"line":19,"column":4},"end":{"line":19,"column":47}},"4":{"start":{"line":22,"column":33},"end":{"line":24,"column":3}},"5":{"start":{"line":23,"column":4},"end":{"line":23,"column":47}},"6":{"start":{"line":26,"column":23},"end":{"line":28,"column":3}},"7":{"start":{"line":27,"column":4},"end":{"line":27,"column":25}},"8":{"start":{"line":30,"column":2},"end":{"line":67,"column":4}},"9":{"start":{"line":70,"column":15},"end":{"line":149,"column":2}}},"fnMap":{"0":{"name":"(anonymous_0)","decl":{"start":{"line":11,"column":24},"end":{"line":11,"column":25}},"loc":{"start":{"line":15,"column":21},"end":{"line":68,"column":1}},"line":15},"1":{"name":"(anonymous_1)","decl":{"start":{"line":18,"column":33},"end":{"line":18,"column":34}},"loc":{"start":{"line":18,"column":39},"end":{"line":20,"column":3}},"line":18},"2":{"name":"(anonymous_2)","decl":{"start":{"line":22,"column":33},"end":{"line":22,"column":34}},"loc":{"start":{"line":22,"column":39},"end":{"line":24,"column":3}},"line":22},"3":{"name":"(anonymous_3)","decl":{"start":{"line":26,"column":23},"end":{"line":26,"column":24}},"loc":{"start":{"line":26,"column":29},"end":{"line":28,"column":3}},"line":26}},"branchMap":{},"s":{"0":0,"1":0,"2":0,"3":0,"4":0,"5":0,"6":0,"7":0,"8":0,"9":0},"f":{"0":0,"1":0,"2":0,"3":0},"b":{}}
,"/Users/joaovitor/Documents/ecommerce-app/src/features/cart/components/cart-list.tsx": {"path":"/Users/joaovitor/Documents/ecommerce-app/src/features/cart/components/cart-list.tsx","statementMap":{"0":{"start":{"line":10,"column":24},"end":{"line":67,"column":1}},"1":{"start":{"line":11,"column":51},"end":{"line":11,"column":60}},"2":{"start":{"line":12,"column":21},"end":{"line":12,"column":40}},"3":{"start":{"line":14,"column":51},"end":{"line":25,"column":3}},"4":{"start":{"line":16,"column":6},"end":{"line":22,"column":8}},"5":{"start":{"line":27,"column":25},"end":{"line":30,"column":8}},"6":{"start":{"line":29,"column":4},"end":{"line":29,"column":36}},"7":{"start":{"line":32,"column":2},"end":{"line":34,"column":3}},"8":{"start":{"line":33,"column":4},"end":{"line":33,"column":25}},"9":{"start":{"line":36,"column":2},"end":{"line":66,"column":4}},"10":{"start":{"line":41,"column":32},"end":{"line":41,"column":58}},"11":{"start":{"line":69,"column":15},"end":{"line":119,"column":2}}},"fnMap":{"0":{"name":"(anonymous_0)","decl":{"start":{"line":10,"column":24},"end":{"line":10,"column":25}},"loc":{"start":{"line":10,"column":30},"end":{"line":67,"column":1}},"line":10},"1":{"name":"(anonymous_1)","decl":{"start":{"line":15,"column":4},"end":{"line":15,"column":5}},"loc":{"start":{"line":15,"column":18},"end":{"line":23,"column":5}},"line":15},"2":{"name":"(anonymous_2)","decl":{"start":{"line":27,"column":37},"end":{"line":27,"column":38}},"loc":{"start":{"line":27,"column":43},"end":{"line":30,"column":3}},"line":27},"3":{"name":"(anonymous_3)","decl":{"start":{"line":41,"column":22},"end":{"line":41,"column":23}},"loc":{"start":{"line":41,"column":32},"end":{"line":41,"column":58}},"line":41}},"branchMap":{"0":{"loc":{"start":{"line":32,"column":2},"end":{"line":34,"column":3}},"type":"if","locations":[{"start":{"line":32,"column":2},"end":{"line":34,"column":3}},{"start":{},"end":{}}],"line":32}},"s":{"0":0,"1":0,"2":0,"3":0,"4":0,"5":0,"6":0,"7":0,"8":0,"9":0,"10":0,"11":0},"f":{"0":0,"1":0,"2":0,"3":0},"b":{"0":[0,0]}}
,"/Users/joaovitor/Documents/ecommerce-app/src/features/cart/context/cart-context.tsx": {"path":"/Users/joaovitor/Documents/ecommerce-app/src/features/cart/context/cart-context.tsx","statementMap":{"0":{"start":{"line":12,"column":20},"end":{"line":12,"column":73}},"1":{"start":{"line":18,"column":28},"end":{"line":24,"column":1}},"2":{"start":{"line":19,"column":20},"end":{"line":19,"column":34}},"3":{"start":{"line":21,"column":2},"end":{"line":23,"column":4}},"4":{"start":{"line":26,"column":23},"end":{"line":32,"column":1}},"5":{"start":{"line":27,"column":18},"end":{"line":27,"column":41}},"6":{"start":{"line":28,"column":2},"end":{"line":30,"column":3}},"7":{"start":{"line":29,"column":4},"end":{"line":29,"column":66}},"8":{"start":{"line":31,"column":2},"end":{"line":31,"column":17}}},"fnMap":{"0":{"name":"(anonymous_0)","decl":{"start":{"line":18,"column":28},"end":{"line":18,"column":29}},"loc":{"start":{"line":18,"column":65},"end":{"line":24,"column":1}},"line":18},"1":{"name":"(anonymous_1)","decl":{"start":{"line":26,"column":23},"end":{"line":26,"column":24}},"loc":{"start":{"line":26,"column":29},"end":{"line":32,"column":1}},"line":26}},"branchMap":{"0":{"loc":{"start":{"line":28,"column":2},"end":{"line":30,"column":3}},"type":"if","locations":[{"start":{"line":28,"column":2},"end":{"line":30,"column":3}},{"start":{},"end":{}}],"line":28}},"s":{"0":0,"1":0,"2":0,"3":0,"4":0,"5":0,"6":0,"7":0,"8":0},"f":{"0":0,"1":0},"b":{"0":[0,0]}}
,"/Users/joaovitor/Documents/ecommerce-app/src/features/cart/store/cart-store.ts": {"path":"/Users/joaovitor/Documents/ecommerce-app/src/features/cart/store/cart-store.ts","statementMap":{"0":{"start":{"line":5,"column":32},"end":{"line":9,"column":1}},"1":{"start":{"line":11,"column":28},"end":{"line":117,"column":1}},"2":{"start":{"line":12,"column":26},"end":{"line":12,"column":59}},"3":{"start":{"line":14,"column":20},"end":{"line":43,"column":8}},"4":{"start":{"line":15,"column":4},"end":{"line":42,"column":7}},"5":{"start":{"line":16,"column":27},"end":{"line":18,"column":7}},"6":{"start":{"line":17,"column":18},"end":{"line":17,"column":48}},"7":{"start":{"line":20,"column":6},"end":{"line":41,"column":7}},"8":{"start":{"line":22,"column":29},"end":{"line":26,"column":9}},"9":{"start":{"line":23,"column":10},"end":{"line":25,"column":18}},"10":{"start":{"line":28,"column":8},"end":{"line":32,"column":10}},"11":{"start":{"line":35,"column":34},"end":{"line":35,"column":58}},"12":{"start":{"line":36,"column":8},"end":{"line":40,"column":10}},"13":{"start":{"line":45,"column":25},"end":{"line":65,"column":8}},"14":{"start":{"line":46,"column":4},"end":{"line":64,"column":7}},"15":{"start":{"line":47,"column":27},"end":{"line":49,"column":7}},"16":{"start":{"line":48,"column":18},"end":{"line":48,"column":47}},"17":{"start":{"line":51,"column":6},"end":{"line":51,"column":41}},"18":{"start":{"line":51,"column":25},"end":{"line":51,"column":41}},"19":{"start":{"line":53,"column":27},"end":{"line":55,"column":7}},"20":{"start":{"line":54,"column":18},"end":{"line":54,"column":47}},"21":{"start":{"line":57,"column":6},"end":{"line":63,"column":8}},"22":{"start":{"line":67,"column":25},"end":{"line":95,"column":3}},"23":{"start":{"line":69,"column":6},"end":{"line":72,"column":7}},"24":{"start":{"line":70,"column":8},"end":{"line":70,"column":34}},"25":{"start":{"line":71,"column":8},"end":{"line":71,"column":15}},"26":{"start":{"line":74,"column":6},"end":{"line":92,"column":9}},"27":{"start":{"line":75,"column":21},"end":{"line":77,"column":9}},"28":{"start":{"line":76,"column":20},"end":{"line":76,"column":49}},"29":{"start":{"line":78,"column":8},"end":{"line":78,"column":35}},"30":{"start":{"line":78,"column":19},"end":{"line":78,"column":35}},"31":{"start":{"line":80,"column":29},"end":{"line":80,"column":53}},"32":{"start":{"line":81,"column":29},"end":{"line":85,"column":9}},"33":{"start":{"line":82,"column":10},"end":{"line":84,"column":22}},"34":{"start":{"line":87,"column":8},"end":{"line":91,"column":10}},"35":{"start":{"line":97,"column":20},"end":{"line":99,"column":8}},"36":{"start":{"line":98,"column":4},"end":{"line":98,"column":26}},"37":{"start":{"line":101,"column":26},"end":{"line":107,"column":3}},"38":{"start":{"line":103,"column":19},"end":{"line":103,"column":75}},"39":{"start":{"line":103,"column":45},"end":{"line":103,"column":74}},"40":{"start":{"line":104,"column":6},"end":{"line":104,"column":33}},"41":{"start":{"line":109,"column":2},"end":{"line":116,"column":4}}},"fnMap":{"0":{"name":"(anonymous_0)","decl":{"start":{"line":11,"column":28},"end":{"line":11,"column":29}},"loc":{"start":{"line":11,"column":34},"end":{"line":117,"column":1}},"line":11},"1":{"name":"(anonymous_1)","decl":{"start":{"line":14,"column":32},"end":{"line":14,"column":33}},"loc":{"start":{"line":14,"column":54},"end":{"line":43,"column":3}},"line":14},"2":{"name":"(anonymous_2)","decl":{"start":{"line":15,"column":12},"end":{"line":15,"column":13}},"loc":{"start":{"line":15,"column":26},"end":{"line":42,"column":5}},"line":15},"3":{"name":"(anonymous_3)","decl":{"start":{"line":17,"column":8},"end":{"line":17,"column":9}},"loc":{"start":{"line":17,"column":18},"end":{"line":17,"column":48}},"line":17},"4":{"name":"(anonymous_4)","decl":{"start":{"line":22,"column":48},"end":{"line":22,"column":49}},"loc":{"start":{"line":23,"column":10},"end":{"line":25,"column":18}},"line":23},"5":{"name":"(anonymous_5)","decl":{"start":{"line":45,"column":37},"end":{"line":45,"column":38}},"loc":{"start":{"line":45,"column":60},"end":{"line":65,"column":3}},"line":45},"6":{"name":"(anonymous_6)","decl":{"start":{"line":46,"column":12},"end":{"line":46,"column":13}},"loc":{"start":{"line":46,"column":26},"end":{"line":64,"column":5}},"line":46},"7":{"name":"(anonymous_7)","decl":{"start":{"line":48,"column":8},"end":{"line":48,"column":9}},"loc":{"start":{"line":48,"column":18},"end":{"line":48,"column":47}},"line":48},"8":{"name":"(anonymous_8)","decl":{"start":{"line":54,"column":8},"end":{"line":54,"column":9}},"loc":{"start":{"line":54,"column":18},"end":{"line":54,"column":47}},"line":54},"9":{"name":"(anonymous_9)","decl":{"start":{"line":68,"column":4},"end":{"line":68,"column":5}},"loc":{"start":{"line":68,"column":45},"end":{"line":93,"column":5}},"line":68},"10":{"name":"(anonymous_10)","decl":{"start":{"line":74,"column":14},"end":{"line":74,"column":15}},"loc":{"start":{"line":74,"column":28},"end":{"line":92,"column":7}},"line":74},"11":{"name":"(anonymous_11)","decl":{"start":{"line":76,"column":10},"end":{"line":76,"column":11}},"loc":{"start":{"line":76,"column":20},"end":{"line":76,"column":49}},"line":76},"12":{"name":"(anonymous_12)","decl":{"start":{"line":81,"column":48},"end":{"line":81,"column":49}},"loc":{"start":{"line":82,"column":10},"end":{"line":84,"column":22}},"line":82},"13":{"name":"(anonymous_13)","decl":{"start":{"line":97,"column":32},"end":{"line":97,"column":33}},"loc":{"start":{"line":97,"column":38},"end":{"line":99,"column":3}},"line":97},"14":{"name":"(anonymous_14)","decl":{"start":{"line":102,"column":4},"end":{"line":102,"column":5}},"loc":{"start":{"line":102,"column":27},"end":{"line":105,"column":5}},"line":102},"15":{"name":"(anonymous_15)","decl":{"start":{"line":103,"column":35},"end":{"line":103,"column":36}},"loc":{"start":{"line":103,"column":45},"end":{"line":103,"column":74}},"line":103}},"branchMap":{"0":{"loc":{"start":{"line":20,"column":6},"end":{"line":41,"column":7}},"type":"if","locations":[{"start":{"line":20,"column":6},"end":{"line":41,"column":7}},{"start":{"line":33,"column":13},"end":{"line":41,"column":7}}],"line":20},"1":{"loc":{"start":{"line":23,"column":10},"end":{"line":25,"column":18}},"type":"cond-expr","locations":[{"start":{"line":24,"column":14},"end":{"line":24,"column":54}},{"start":{"line":25,"column":14},"end":{"line":25,"column":18}}],"line":23},"2":{"loc":{"start":{"line":51,"column":6},"end":{"line":51,"column":41}},"type":"if","locations":[{"start":{"line":51,"column":6},"end":{"line":51,"column":41}},{"start":{},"end":{}}],"line":51},"3":{"loc":{"start":{"line":69,"column":6},"end":{"line":72,"column":7}},"type":"if","locations":[{"start":{"line":69,"column":6},"end":{"line":72,"column":7}},{"start":{},"end":{}}],"line":69},"4":{"loc":{"start":{"line":78,"column":8},"end":{"line":78,"column":35}},"type":"if","locations":[{"start":{"line":78,"column":8},"end":{"line":78,"column":35}},{"start":{},"end":{}}],"line":78},"5":{"loc":{"start":{"line":82,"column":10},"end":{"line":84,"column":22}},"type":"cond-expr","locations":[{"start":{"line":83,"column":14},"end":{"line":83,"column":39}},{"start":{"line":84,"column":14},"end":{"line":84,"column":22}}],"line":82},"6":{"loc":{"start":{"line":104,"column":13},"end":{"line":104,"column":32}},"type":"binary-expr","locations":[{"start":{"line":104,"column":13},"end":{"line":104,"column":27}},{"start":{"line":104,"column":31},"end":{"line":104,"column":32}}],"line":104}},"s":{"0":0,"1":0,"2":0,"3":0,"4":0,"5":0,"6":0,"7":0,"8":0,"9":0,"10":0,"11":0,"12":0,"13":0,"14":0,"15":0,"16":0,"17":0,"18":0,"19":0,"20":0,"21":0,"22":0,"23":0,"24":0,"25":0,"26":0,"27":0,"28":0,"29":0,"30":0,"31":0,"32":0,"33":0,"34":0,"35":0,"36":0,"37":0,"38":0,"39":0,"40":0,"41":0},"f":{"0":0,"1":0,"2":0,"3":0,"4":0,"5":0,"6":0,"7":0,"8":0,"9":0,"10":0,"11":0,"12":0,"13":0,"14":0,"15":0},"b":{"0":[0,0],"1":[0,0],"2":[0,0],"3":[0,0],"4":[0,0],"5":[0,0],"6":[0,0]}}
,"/Users/joaovitor/Documents/ecommerce-app/src/features/cart/types/cart.ts": {"path":"/Users/joaovitor/Documents/ecommerce-app/src/features/cart/types/cart.ts","statementMap":{},"fnMap":{},"branchMap":{},"s":{},"f":{},"b":{}}
,"/Users/joaovitor/Documents/ecommerce-app/src/features/home/api/get-products.ts": {"path":"/Users/joaovitor/Documents/ecommerce-app/src/features/home/api/get-products.ts","statementMap":{"0":{"start":{"line":5,"column":27},"end":{"line":38,"column":1}},"1":{"start":{"line":6,"column":28},"end":{"line":14,"column":4}},"2":{"start":{"line":16,"column":16},"end":{"line":31,"column":3}},"3":{"start":{"line":17,"column":4},"end":{"line":17,"column":71}},"4":{"start":{"line":17,"column":24},"end":{"line":17,"column":68}},"5":{"start":{"line":18,"column":4},"end":{"line":30,"column":5}},"6":{"start":{"line":19,"column":23},"end":{"line":19,"column":44}},"7":{"start":{"line":21,"column":6},"end":{"line":23,"column":7}},"8":{"start":{"line":22,"column":8},"end":{"line":22,"column":55}},"9":{"start":{"line":25,"column":30},"end":{"line":25,"column":51}},"10":{"start":{"line":26,"column":6},"end":{"line":26,"column":59}},"11":{"start":{"line":28,"column":6},"end":{"line":28,"column":56}},"12":{"start":{"line":29,"column":6},"end":{"line":29,"column":62}},"13":{"start":{"line":33,"column":2},"end":{"line":35,"column":9}},"14":{"start":{"line":34,"column":4},"end":{"line":34,"column":12}},"15":{"start":{"line":37,"column":2},"end":{"line":37,"column":38}}},"fnMap":{"0":{"name":"(anonymous_0)","decl":{"start":{"line":5,"column":27},"end":{"line":5,"column":28}},"loc":{"start":{"line":5,"column":33},"end":{"line":38,"column":1}},"line":5},"1":{"name":"(anonymous_1)","decl":{"start":{"line":16,"column":16},"end":{"line":16,"column":17}},"loc":{"start":{"line":16,"column":28},"end":{"line":31,"column":3}},"line":16},"2":{"name":"(anonymous_2)","decl":{"start":{"line":17,"column":13},"end":{"line":17,"column":14}},"loc":{"start":{"line":17,"column":24},"end":{"line":17,"column":68}},"line":17},"3":{"name":"(anonymous_3)","decl":{"start":{"line":33,"column":12},"end":{"line":33,"column":13}},"loc":{"start":{"line":33,"column":18},"end":{"line":35,"column":3}},"line":33}},"branchMap":{"0":{"loc":{"start":{"line":21,"column":6},"end":{"line":23,"column":7}},"type":"if","locations":[{"start":{"line":21,"column":6},"end":{"line":23,"column":7}},{"start":{},"end":{}}],"line":21}},"s":{"0":0,"1":0,"2":0,"3":0,"4":0,"5":0,"6":0,"7":0,"8":0,"9":0,"10":0,"11":0,"12":0,"13":0,"14":0,"15":0},"f":{"0":0,"1":0,"2":0,"3":0},"b":{"0":[0,0]}}
,"/Users/joaovitor/Documents/ecommerce-app/src/features/home/components/product-card.tsx": {"path":"/Users/joaovitor/Documents/ecommerce-app/src/features/home/components/product-card.tsx","statementMap":{"0":{"start":{"line":11,"column":27},"end":{"line":35,"column":1}},"1":{"start":{"line":16,"column":2},"end":{"line":34,"column":4}},"2":{"start":{"line":20,"column":21},"end":{"line":20,"column":41}},"3":{"start":{"line":31,"column":23},"end":{"line":31,"column":45}},"4":{"start":{"line":37,"column":15},"end":{"line":70,"column":2}}},"fnMap":{"0":{"name":"(anonymous_0)","decl":{"start":{"line":11,"column":27},"end":{"line":11,"column":28}},"loc":{"start":{"line":15,"column":24},"end":{"line":35,"column":1}},"line":15},"1":{"name":"(anonymous_1)","decl":{"start":{"line":20,"column":15},"end":{"line":20,"column":16}},"loc":{"start":{"line":20,"column":21},"end":{"line":20,"column":41}},"line":20},"2":{"name":"(anonymous_2)","decl":{"start":{"line":31,"column":17},"end":{"line":31,"column":18}},"loc":{"start":{"line":31,"column":23},"end":{"line":31,"column":45}},"line":31}},"branchMap":{},"s":{"0":1,"1":2,"2":1,"3":1,"4":1},"f":{"0":2,"1":1,"2":1},"b":{},"_coverageSchema":"1a1c01bbd47fc00a2c39e90264f33305004495a9","hash":"3672d9c08f15fd934be1aa71a28a7cf71148dfc3"}
,"/Users/joaovitor/Documents/ecommerce-app/src/features/home/components/product-list.tsx": {"path":"/Users/joaovitor/Documents/ecommerce-app/src/features/home/components/product-list.tsx","statementMap":{"0":{"start":{"line":16,"column":27},"end":{"line":64,"column":1}},"1":{"start":{"line":17,"column":39},"end":{"line":17,"column":52}},"2":{"start":{"line":19,"column":21},"end":{"line":19,"column":52}},"3":{"start":{"line":20,"column":21},"end":{"line":20,"column":40}},"4":{"start":{"line":22,"column":25},"end":{"line":27,"column":3}},"5":{"start":{"line":24,"column":6},"end":{"line":24,"column":71}},"6":{"start":{"line":29,"column":46},"end":{"line":40,"column":3}},"7":{"start":{"line":31,"column":6},"end":{"line":37,"column":8}},"8":{"start":{"line":42,"column":2},"end":{"line":44,"column":3}},"9":{"start":{"line":43,"column":4},"end":{"line":43,"column":23}},"10":{"start":{"line":46,"column":2},"end":{"line":48,"column":3}},"11":{"start":{"line":47,"column":4},"end":{"line":47,"column":25}},"12":{"start":{"line":50,"column":2},"end":{"line":63,"column":4}}},"fnMap":{"0":{"name":"(anonymous_0)","decl":{"start":{"line":16,"column":27},"end":{"line":16,"column":28}},"loc":{"start":{"line":16,"column":66},"end":{"line":64,"column":1}},"line":16},"1":{"name":"(anonymous_1)","decl":{"start":{"line":23,"column":4},"end":{"line":23,"column":5}},"loc":{"start":{"line":23,"column":26},"end":{"line":25,"column":5}},"line":23},"2":{"name":"(anonymous_2)","decl":{"start":{"line":30,"column":4},"end":{"line":30,"column":5}},"loc":{"start":{"line":30,"column":18},"end":{"line":38,"column":5}},"line":30}},"branchMap":{"0":{"loc":{"start":{"line":42,"column":2},"end":{"line":44,"column":3}},"type":"if","locations":[{"start":{"line":42,"column":2},"end":{"line":44,"column":3}},{"start":{},"end":{}}],"line":42},"1":{"loc":{"start":{"line":46,"column":2},"end":{"line":48,"column":3}},"type":"if","locations":[{"start":{"line":46,"column":2},"end":{"line":48,"column":3}},{"start":{},"end":{}}],"line":46}},"s":{"0":0,"1":0,"2":0,"3":0,"4":0,"5":0,"6":0,"7":0,"8":0,"9":0,"10":0,"11":0,"12":0},"f":{"0":0,"1":0,"2":0},"b":{"0":[0,0],"1":[0,0]}}
,"/Users/joaovitor/Documents/ecommerce-app/src/features/home/types/product.ts": {"path":"/Users/joaovitor/Documents/ecommerce-app/src/features/home/types/product.ts","statementMap":{},"fnMap":{},"branchMap":{},"s":{},"f":{},"b":{}}
,"/Users/joaovitor/Documents/ecommerce-app/src/features/product-details/api/get-product.ts": {"path":"/Users/joaovitor/Documents/ecommerce-app/src/features/product-details/api/get-product.ts","statementMap":{"0":{"start":{"line":5,"column":26},"end":{"line":40,"column":1}},"1":{"start":{"line":6,"column":28},"end":{"line":14,"column":4}},"2":{"start":{"line":16,"column":16},"end":{"line":31,"column":3}},"3":{"start":{"line":17,"column":4},"end":{"line":17,"column":71}},"4":{"start":{"line":17,"column":24},"end":{"line":17,"column":68}},"5":{"start":{"line":18,"column":4},"end":{"line":30,"column":5}},"6":{"start":{"line":19,"column":23},"end":{"line":19,"column":57}},"7":{"start":{"line":21,"column":6},"end":{"line":23,"column":7}},"8":{"start":{"line":22,"column":8},"end":{"line":22,"column":55}},"9":{"start":{"line":25,"column":28},"end":{"line":25,"column":49}},"10":{"start":{"line":26,"column":6},"end":{"line":26,"column":59}},"11":{"start":{"line":28,"column":6},"end":{"line":28,"column":55}},"12":{"start":{"line":29,"column":6},"end":{"line":29,"column":64}},"13":{"start":{"line":33,"column":2},"end":{"line":37,"column":18}},"14":{"start":{"line":34,"column":4},"end":{"line":36,"column":5}},"15":{"start":{"line":35,"column":6},"end":{"line":35,"column":14}},"16":{"start":{"line":39,"column":2},"end":{"line":39,"column":38}}},"fnMap":{"0":{"name":"(anonymous_0)","decl":{"start":{"line":5,"column":26},"end":{"line":5,"column":27}},"loc":{"start":{"line":5,"column":49},"end":{"line":40,"column":1}},"line":5},"1":{"name":"(anonymous_1)","decl":{"start":{"line":16,"column":16},"end":{"line":16,"column":17}},"loc":{"start":{"line":16,"column":28},"end":{"line":31,"column":3}},"line":16},"2":{"name":"(anonymous_2)","decl":{"start":{"line":17,"column":13},"end":{"line":17,"column":14}},"loc":{"start":{"line":17,"column":24},"end":{"line":17,"column":68}},"line":17},"3":{"name":"(anonymous_3)","decl":{"start":{"line":33,"column":12},"end":{"line":33,"column":13}},"loc":{"start":{"line":33,"column":18},"end":{"line":37,"column":3}},"line":33}},"branchMap":{"0":{"loc":{"start":{"line":21,"column":6},"end":{"line":23,"column":7}},"type":"if","locations":[{"start":{"line":21,"column":6},"end":{"line":23,"column":7}},{"start":{},"end":{}}],"line":21},"1":{"loc":{"start":{"line":34,"column":4},"end":{"line":36,"column":5}},"type":"if","locations":[{"start":{"line":34,"column":4},"end":{"line":36,"column":5}},{"start":{},"end":{}}],"line":34}},"s":{"0":0,"1":0,"2":0,"3":0,"4":0,"5":0,"6":0,"7":0,"8":0,"9":0,"10":0,"11":0,"12":0,"13":0,"14":0,"15":0,"16":0},"f":{"0":0,"1":0,"2":0,"3":0},"b":{"0":[0,0],"1":[0,0]}}
,"/Users/joaovitor/Documents/ecommerce-app/src/features/product-details/components/product-details-header.tsx": {"path":"/Users/joaovitor/Documents/ecommerce-app/src/features/product-details/components/product-details-header.tsx","statementMap":{"0":{"start":{"line":8,"column":36},"end":{"line":17,"column":1}},"1":{"start":{"line":11,"column":2},"end":{"line":16,"column":4}},"2":{"start":{"line":19,"column":15},"end":{"line":38,"column":2}}},"fnMap":{"0":{"name":"(anonymous_0)","decl":{"start":{"line":8,"column":36},"end":{"line":8,"column":37}},"loc":{"start":{"line":10,"column":33},"end":{"line":17,"column":1}},"line":10}},"branchMap":{},"s":{"0":0,"1":0,"2":0},"f":{"0":0},"b":{}}
,"/Users/joaovitor/Documents/ecommerce-app/src/features/product-details/components/product-details.tsx": {"path":"/Users/joaovitor/Documents/ecommerce-app/src/features/product-details/components/product-details.tsx","statementMap":{"0":{"start":{"line":15,"column":30},"end":{"line":79,"column":1}},"1":{"start":{"line":16,"column":16},"end":{"line":16,"column":55}},"2":{"start":{"line":17,"column":24},"end":{"line":17,"column":36}},"3":{"start":{"line":18,"column":48},"end":{"line":18,"column":69}},"4":{"start":{"line":19,"column":24},"end":{"line":19,"column":33}},"5":{"start":{"line":20,"column":21},"end":{"line":20,"column":40}},"6":{"start":{"line":22,"column":27},"end":{"line":27,"column":26}},"7":{"start":{"line":23,"column":4},"end":{"line":26,"column":5}},"8":{"start":{"line":24,"column":6},"end":{"line":24,"column":25}},"9":{"start":{"line":25,"column":6},"end":{"line":25,"column":55}},"10":{"start":{"line":29,"column":24},"end":{"line":34,"column":26}},"11":{"start":{"line":30,"column":4},"end":{"line":33,"column":5}},"12":{"start":{"line":31,"column":6},"end":{"line":31,"column":25}},"13":{"start":{"line":32,"column":6},"end":{"line":32,"column":59}},"14":{"start":{"line":36,"column":2},"end":{"line":38,"column":3}},"15":{"start":{"line":37,"column":4},"end":{"line":37,"column":23}},"16":{"start":{"line":40,"column":2},"end":{"line":42,"column":3}},"17":{"start":{"line":41,"column":4},"end":{"line":41,"column":25}},"18":{"start":{"line":44,"column":2},"end":{"line":78,"column":4}},"19":{"start":{"line":81,"column":15},"end":{"line":140,"column":2}}},"fnMap":{"0":{"name":"(anonymous_0)","decl":{"start":{"line":15,"column":30},"end":{"line":15,"column":31}},"loc":{"start":{"line":15,"column":36},"end":{"line":79,"column":1}},"line":15},"1":{"name":"(anonymous_1)","decl":{"start":{"line":22,"column":39},"end":{"line":22,"column":40}},"loc":{"start":{"line":22,"column":45},"end":{"line":27,"column":3}},"line":22},"2":{"name":"(anonymous_2)","decl":{"start":{"line":29,"column":36},"end":{"line":29,"column":37}},"loc":{"start":{"line":29,"column":42},"end":{"line":34,"column":3}},"line":29}},"branchMap":{"0":{"loc":{"start":{"line":23,"column":4},"end":{"line":26,"column":5}},"type":"if","locations":[{"start":{"line":23,"column":4},"end":{"line":26,"column":5}},{"start":{},"end":{}}],"line":23},"1":{"loc":{"start":{"line":30,"column":4},"end":{"line":33,"column":5}},"type":"if","locations":[{"start":{"line":30,"column":4},"end":{"line":33,"column":5}},{"start":{},"end":{}}],"line":30},"2":{"loc":{"start":{"line":36,"column":2},"end":{"line":38,"column":3}},"type":"if","locations":[{"start":{"line":36,"column":2},"end":{"line":38,"column":3}},{"start":{},"end":{}}],"line":36},"3":{"loc":{"start":{"line":40,"column":2},"end":{"line":42,"column":3}},"type":"if","locations":[{"start":{"line":40,"column":2},"end":{"line":42,"column":3}},{"start":{},"end":{}}],"line":40},"4":{"loc":{"start":{"line":40,"column":6},"end":{"line":40,"column":25}},"type":"binary-expr","locations":[{"start":{"line":40,"column":6},"end":{"line":40,"column":13}},{"start":{"line":40,"column":17},"end":{"line":40,"column":25}}],"line":40}},"s":{"0":0,"1":0,"2":0,"3":0,"4":0,"5":0,"6":0,"7":0,"8":0,"9":0,"10":0,"11":0,"12":0,"13":0,"14":0,"15":0,"16":0,"17":0,"18":0,"19":0},"f":{"0":0,"1":0,"2":0},"b":{"0":[0,0],"1":[0,0],"2":[0,0],"3":[0,0],"4":[0,0]}}
,"/Users/joaovitor/Documents/ecommerce-app/src/features/product-details/components/product-reviews.tsx": {"path":"/Users/joaovitor/Documents/ecommerce-app/src/features/product-details/components/product-reviews.tsx","statementMap":{"0":{"start":{"line":8,"column":30},"end":{"line":34,"column":1}},"1":{"start":{"line":9,"column":2},"end":{"line":16,"column":3}},"2":{"start":{"line":10,"column":4},"end":{"line":15,"column":6}},"3":{"start":{"line":18,"column":2},"end":{"line":33,"column":4}},"4":{"start":{"line":23,"column":10},"end":{"line":29,"column":17}},"5":{"start":{"line":36,"column":15},"end":{"line":87,"column":2}}},"fnMap":{"0":{"name":"(anonymous_0)","decl":{"start":{"line":8,"column":30},"end":{"line":8,"column":31}},"loc":{"start":{"line":8,"column":68},"end":{"line":34,"column":1}},"line":8},"1":{"name":"(anonymous_1)","decl":{"start":{"line":22,"column":21},"end":{"line":22,"column":22}},"loc":{"start":{"line":23,"column":10},"end":{"line":29,"column":17}},"line":23}},"branchMap":{"0":{"loc":{"start":{"line":9,"column":2},"end":{"line":16,"column":3}},"type":"if","locations":[{"start":{"line":9,"column":2},"end":{"line":16,"column":3}},{"start":{},"end":{}}],"line":9}},"s":{"0":0,"1":0,"2":0,"3":0,"4":0,"5":0},"f":{"0":0,"1":0},"b":{"0":[0,0]}}
,"/Users/joaovitor/Documents/ecommerce-app/src/features/product-details/components/product-specifications.tsx": {"path":"/Users/joaovitor/Documents/ecommerce-app/src/features/product-details/components/product-specifications.tsx","statementMap":{"0":{"start":{"line":8,"column":37},"end":{"line":28,"column":1}},"1":{"start":{"line":11,"column":22},"end":{"line":11,"column":52}},"2":{"start":{"line":13,"column":2},"end":{"line":27,"column":4}},"3":{"start":{"line":18,"column":10},"end":{"line":23,"column":17}},"4":{"start":{"line":30,"column":15},"end":{"line":67,"column":2}}},"fnMap":{"0":{"name":"(anonymous_0)","decl":{"start":{"line":8,"column":37},"end":{"line":8,"column":38}},"loc":{"start":{"line":10,"column":34},"end":{"line":28,"column":1}},"line":10},"1":{"name":"(anonymous_1)","decl":{"start":{"line":17,"column":25},"end":{"line":17,"column":26}},"loc":{"start":{"line":18,"column":10},"end":{"line":23,"column":17}},"line":18}},"branchMap":{},"s":{"0":0,"1":0,"2":0,"3":0,"4":0},"f":{"0":0,"1":0},"b":{}}
,"/Users/joaovitor/Documents/ecommerce-app/src/lib/api-client.ts": {"path":"/Users/joaovitor/Documents/ecommerce-app/src/lib/api-client.ts","statementMap":{"0":{"start":{"line":2,"column":2},"end":{"line":2,"column":54}}},"fnMap":{"0":{"name":"api","decl":{"start":{"line":1,"column":9},"end":{"line":1,"column":12}},"loc":{"start":{"line":1,"column":66},"end":{"line":3,"column":1}},"line":1}},"branchMap":{},"s":{"0":0},"f":{"0":0},"b":{}}
,"/Users/joaovitor/Documents/ecommerce-app/src/mocks/product.mock.ts": {"path":"/Users/joaovitor/Documents/ecommerce-app/src/mocks/product.mock.ts","statementMap":{"0":{"start":{"line":3,"column":29},"end":{"line":24,"column":1}}},"fnMap":{},"branchMap":{},"s":{"0":1},"f":{},"b":{},"_coverageSchema":"1a1c01bbd47fc00a2c39e90264f33305004495a9","hash":"f813ad76e5a778cfced4ba072b97f5ae10020eb4"}
,"/Users/joaovitor/Documents/ecommerce-app/src/types/navigation.ts": {"path":"/Users/joaovitor/Documents/ecommerce-app/src/types/navigation.ts","statementMap":{},"fnMap":{},"branchMap":{},"s":{},"f":{},"b":{}}
}
